<?xml version="1.0" encoding="UTF-8"?>
<testsuite name="TestMaximum" tests="18" skipped="0" failures="0" errors="0" timestamp="2020-04-05T20:10:24" hostname="ashish-Inspiron-3576" time="0.023">
  <properties/>
  <testcase name="givenThreeIntegerValues_FindMaximum_ShouldReturnMaximumValue3_WithGenericClass" classname="TestMaximum" time="0.007"/>
  <testcase name="givenThreeIntegerValue_FindMaximum_ShouldReturnMaximumValue3_WithGenericMethod" classname="TestMaximum" time="0.0"/>
  <testcase name="givenThreeIntegerValues_FindMaximum_ShouldReturnMaximumValue_WithGenericClass" classname="TestMaximum" time="0.0"/>
  <testcase name="givenThreeFloatValue_FindMaximum_ShouldReturnMaximumValue_WithGenericMethod" classname="TestMaximum" time="0.0"/>
  <testcase name="givenThreeIntegerValues_FindMaximum_ShouldReturnMaximumValue2_WithGenericClass" classname="TestMaximum" time="0.001"/>
  <testcase name="givenThreeIntegerValue_FindMaximum_ShouldReturnMaximumValue2_WithGenericMethod" classname="TestMaximum" time="0.0"/>
  <testcase name="givenThreeString_FindMaximum_ShouldReturnMaximumString_WithGenericMethod" classname="TestMaximum" time="0.0"/>
  <testcase name="givenThreeIntegerValue_FindMaximum_ShouldReturnMaximumValue_WithGenericMethod" classname="TestMaximum" time="0.0"/>
  <testcase name="givenThreeFloatValue_FindMaximum_ShouldReturnMaximumValue3_WithGenericClass" classname="TestMaximum" time="0.003"/>
  <testcase name="givenThreeString_FindMaximum_ShouldReturnMaximumString3_WithGenericMethod" classname="TestMaximum" time="0.0"/>
  <testcase name="givenThreeString_FindMaximum_ShouldReturnMaximumString3_WithGenericClass" classname="TestMaximum" time="0.0"/>
  <testcase name="givenThreeFloatValue_FindMaximum_ShouldReturnMaximumValue2_WithGenericClass" classname="TestMaximum" time="0.0"/>
  <testcase name="givenThreeString_FindMaximum_ShouldReturnMaximumString2_WithGenericMethod" classname="TestMaximum" time="0.0"/>
  <testcase name="givenThreeFloatValue_FindMaximum_ShouldReturnMaximumValue3_WithGenericMethod" classname="TestMaximum" time="0.0"/>
  <testcase name="givenThreeString_FindMaximum_ShouldReturnMaximumString2_WithGenericClass" classname="TestMaximum" time="0.0"/>
  <testcase name="givenThreeFloatValue_FindMaximum_ShouldReturnMaximumValue_WithGenericClass" classname="TestMaximum" time="0.001"/>
  <testcase name="givenThreeFloatValue_FindMaximum_ShouldReturnMaximumValue2_WithGenericMethod" classname="TestMaximum" time="0.0"/>
  <testcase name="givenThreeString_FindMaximum_ShouldReturnMaximumString_WithGenericClass" classname="TestMaximum" time="0.0"/>
  <system-out><![CDATA[Maximum is:11
Maximum is:11
Maximum is:11
Maximum is:11.0
Maximum is:shyam
Maximum is:11.0
Maximum is:shyam
Maximum is:11.0
Maximum is:shyam
]]></system-out>
  <system-err><![CDATA[]]></system-err>
</testsuite>
